<?xml version="1.0" encoding="UTF-8" ?>
<testsuite errors="6" failures="1" hostname="johnsdev" name="balsa.ProfileControllerSpec" tests="7" time="0.796" timestamp="2019-09-27T22:26:03">
  <properties />
  <testcase classname="balsa.ProfileControllerSpec" name="Test the index action returns the correct model" time="0.575">
    <error message="No signature of method: balsa.ProfileController.index() is applicable for argument types: () values: []&#xa;Possible solutions: mine(), find(), render(groovy.lang.Closure), render(java.lang.CharSequence), render(java.lang.Object), render(java.lang.String)" type="groovy.lang.MissingMethodException">groovy.lang.MissingMethodException: No signature of method: balsa.ProfileController.index() is applicable for argument types: () values: []
Possible solutions: mine(), find(), render(groovy.lang.Closure), render(java.lang.CharSequence), render(java.lang.Object), render(java.lang.String)
	at org.codehaus.groovy.grails.plugins.web.api.ControllerTagLibraryApi.methodMissing(ControllerTagLibraryApi.java:97)
	at org.springsource.loaded.ri.ReflectiveInterceptor.jlrMethodInvoke(ReflectiveInterceptor.java:1270)
	at balsa.ProfileControllerSpec.Test the index action returns the correct model(ProfileControllerSpec.groovy:20)
</error>
  </testcase>
  <testcase classname="balsa.ProfileControllerSpec" name="Test the create action returns the correct model" time="0.03">
    <error message="No signature of method: balsa.ProfileController.create() is applicable for argument types: () values: []&#xa;Possible solutions: update(), update(balsa.Profile), grep(), chain(java.util.Map), raw(java.lang.Object), render(groovy.lang.Closure)" type="groovy.lang.MissingMethodException">groovy.lang.MissingMethodException: No signature of method: balsa.ProfileController.create() is applicable for argument types: () values: []
Possible solutions: update(), update(balsa.Profile), grep(), chain(java.util.Map), raw(java.lang.Object), render(groovy.lang.Closure)
	at org.codehaus.groovy.grails.plugins.web.api.ControllerTagLibraryApi.methodMissing(ControllerTagLibraryApi.java:97)
	at org.springsource.loaded.ri.ReflectiveInterceptor.jlrMethodInvoke(ReflectiveInterceptor.java:1270)
	at balsa.ProfileControllerSpec.Test the create action returns the correct model(ProfileControllerSpec.groovy:29)
</error>
  </testcase>
  <testcase classname="balsa.ProfileControllerSpec" name="Test the save action correctly persists an instance" time="0.039">
    <error message="No signature of method: balsa.ProfileController.save() is applicable for argument types: (balsa.Profile) values: [balsa.Profile : (unsaved)]&#xa;Possible solutions: wait(), mine(), show(), any(), wait(long), raw(java.lang.Object)" type="groovy.lang.MissingMethodException">groovy.lang.MissingMethodException: No signature of method: balsa.ProfileController.save() is applicable for argument types: (balsa.Profile) values: [balsa.Profile : (unsaved)]
Possible solutions: wait(), mine(), show(), any(), wait(long), raw(java.lang.Object)
	at org.codehaus.groovy.grails.plugins.web.api.ControllerTagLibraryApi.methodMissing(ControllerTagLibraryApi.java:97)
	at org.springsource.loaded.ri.ReflectiveInterceptor.jlrMethodInvoke(ReflectiveInterceptor.java:1270)
	at balsa.ProfileControllerSpec.Test the save action correctly persists an instance(ProfileControllerSpec.groovy:42)
</error>
  </testcase>
  <testcase classname="balsa.ProfileControllerSpec" name="Test that the show action returns the correct model" time="0.052">
    <error message="No signature of method: balsa.ProfileController.show() is applicable for argument types: (balsa.Profile) values: [balsa.Profile : (unsaved)]&#xa;Possible solutions: show(), show(balsa.security.BalsaUser), raw(java.lang.Object), wait(), edit(), mine()" type="groovy.lang.MissingMethodException">groovy.lang.MissingMethodException: No signature of method: balsa.ProfileController.show() is applicable for argument types: (balsa.Profile) values: [balsa.Profile : (unsaved)]
Possible solutions: show(), show(balsa.security.BalsaUser), raw(java.lang.Object), wait(), edit(), mine()
	at org.codehaus.groovy.grails.plugins.web.api.ControllerTagLibraryApi.methodMissing(ControllerTagLibraryApi.java:97)
	at org.springsource.loaded.ri.ReflectiveInterceptor.jlrMethodInvoke(ReflectiveInterceptor.java:1270)
	at balsa.ProfileControllerSpec.Test that the show action returns the correct model(ProfileControllerSpec.groovy:71)
</error>
  </testcase>
  <testcase classname="balsa.ProfileControllerSpec" name="Test that the edit action returns the correct model" time="0.019">
    <error message="No signature of method: balsa.ProfileController.edit() is applicable for argument types: (null) values: [null]&#xa;Possible solutions: edit(), wait(), wait(long), wait(long, int), with(groovy.lang.Closure), print(java.io.PrintWriter)" type="groovy.lang.MissingMethodException">groovy.lang.MissingMethodException: No signature of method: balsa.ProfileController.edit() is applicable for argument types: (null) values: [null]
Possible solutions: edit(), wait(), wait(long), wait(long, int), with(groovy.lang.Closure), print(java.io.PrintWriter)
	at org.codehaus.groovy.grails.plugins.web.api.ControllerTagLibraryApi.methodMissing(ControllerTagLibraryApi.java:97)
	at org.springsource.loaded.ri.ReflectiveInterceptor.jlrMethodInvoke(ReflectiveInterceptor.java:1270)
	at balsa.ProfileControllerSpec.Test that the edit action returns the correct model(ProfileControllerSpec.groovy:79)
</error>
  </testcase>
  <testcase classname="balsa.ProfileControllerSpec" name="Test the update action performs an update on a valid domain instance" time="0.04">
    <failure message="Condition not satisfied:&#xa;&#xa;response.redirectedUrl == &apos;/profile/index&apos;&#xa;|        |             |&#xa;|        null          false&#xa;org.codehaus.groovy.grails.plugins.testing.GrailsMockHttpServletResponse@8850865&#xa;" type="junit.framework.AssertionFailedError">junit.framework.AssertionFailedError: Condition not satisfied:

response.redirectedUrl == &apos;/profile/index&apos;
|        |             |
|        null          false
org.codehaus.groovy.grails.plugins.testing.GrailsMockHttpServletResponse@8850865

	at balsa.ProfileControllerSpec.Test the update action performs an update on a valid domain instance(ProfileControllerSpec.groovy:100)
</failure>
  </testcase>
  <testcase classname="balsa.ProfileControllerSpec" name="Test that the delete action deletes an instance if it exists" time="0.02">
    <error message="No signature of method: balsa.ProfileController.delete() is applicable for argument types: (null) values: [null]&#xa;Possible solutions: edit(), update(), every(), sleep(long), update(balsa.Profile), every(groovy.lang.Closure)" type="groovy.lang.MissingMethodException">groovy.lang.MissingMethodException: No signature of method: balsa.ProfileController.delete() is applicable for argument types: (null) values: [null]
Possible solutions: edit(), update(), every(), sleep(long), update(balsa.Profile), every(groovy.lang.Closure)
	at org.codehaus.groovy.grails.plugins.web.api.ControllerTagLibraryApi.methodMissing(ControllerTagLibraryApi.java:97)
	at org.springsource.loaded.ri.ReflectiveInterceptor.jlrMethodInvoke(ReflectiveInterceptor.java:1270)
	at balsa.ProfileControllerSpec.Test that the delete action deletes an instance if it exists(ProfileControllerSpec.groovy:129)
</error>
  </testcase>
  <system-out><![CDATA[--Output from Test the index action returns the correct model--
--Output from Test the create action returns the correct model--
--Output from Test the save action correctly persists an instance--
--Output from Test that the show action returns the correct model--
--Output from Test that the edit action returns the correct model--
--Output from Test the update action performs an update on a valid domain instance--
--Output from Test that the delete action deletes an instance if it exists--
]]></system-out>
  <system-err><![CDATA[--Output from Test the index action returns the correct model--
--Output from Test the create action returns the correct model--
--Output from Test the save action correctly persists an instance--
--Output from Test that the show action returns the correct model--
--Output from Test that the edit action returns the correct model--
--Output from Test the update action performs an update on a valid domain instance--
--Output from Test that the delete action deletes an instance if it exists--
]]></system-err>
</testsuite>
