<?xml version="1.0" encoding="UTF-8" ?>
<testsuite errors="3" failures="4" hostname="johnsdev" name="balsa.StudyControllerSpec" tests="7" time="0.912" timestamp="2019-09-27T22:26:04">
  <properties />
  <testcase classname="balsa.StudyControllerSpec" name="Test the index action returns the correct model" time="0.558">
    <error type="java.lang.NullPointerException">java.lang.NullPointerException
	at grails.plugin.springsecurity.SpringSecurityUtils.getBean(SpringSecurityUtils.java:762)
	at grails.plugin.springsecurity.SpringSecurityUtils.findInferredAuthorities(SpringSecurityUtils.java:752)
	at grails.plugin.springsecurity.SpringSecurityUtils.ifNotGranted(SpringSecurityUtils.java:220)
	at grails.plugin.springsecurity.SpringSecurityUtils.ifNotGranted(SpringSecurityUtils.java:216)
	at balsa.AbstractDatasetController.index_closure1(AbstractDatasetController.groovy:31)
	at balsa.AbstractDatasetController.index_closure1(AbstractDatasetController.groovy)
	at org.springsource.loaded.ri.ReflectiveInterceptor.jlrMethodInvoke(ReflectiveInterceptor.java:1270)
	at groovy.lang.Closure.call(Closure.java:423)
	at groovy.lang.Closure.call(Closure.java:417)
	at grails.gorm.CriteriaBuilder.invokeClosureNode(CriteriaBuilder.java:1104)
	at grails.gorm.CriteriaBuilder.list(CriteriaBuilder.java:248)
	at grails.gorm.CriteriaBuilder.list(CriteriaBuilder.java:52)
	at balsa.AbstractDatasetController.index(AbstractDatasetController.groovy:30)
	at balsa.StudyControllerSpec.Test the index action returns the correct model(StudyControllerSpec.groovy:20)
</error>
  </testcase>
  <testcase classname="balsa.StudyControllerSpec" name="Test the create action returns the correct model" time="0.064">
    <failure message="Condition not satisfied:&#xa;&#xa;model.studyInstance!= null&#xa;|     |            |&#xa;[:]   null         false&#xa;" type="junit.framework.AssertionFailedError">junit.framework.AssertionFailedError: Condition not satisfied:

model.studyInstance!= null
|     |            |
[:]   null         false

	at balsa.StudyControllerSpec.Test the create action returns the correct model(StudyControllerSpec.groovy:32)
</failure>
  </testcase>
  <testcase classname="balsa.StudyControllerSpec" name="Test the save action correctly persists an instance" time="0.071">
    <failure message="Condition not satisfied:&#xa;&#xa;model.studyInstance!= null&#xa;|     |            |&#xa;|     null         false&#xa;[datasetInstance:balsa.Study : (unsaved)]&#xa;" type="junit.framework.AssertionFailedError">junit.framework.AssertionFailedError: Condition not satisfied:

model.studyInstance!= null
|     |            |
|     null         false
[datasetInstance:balsa.Study : (unsaved)]

	at balsa.StudyControllerSpec.Test the save action correctly persists an instance(StudyControllerSpec.groovy:45)
</failure>
  </testcase>
  <testcase classname="balsa.StudyControllerSpec" name="Test that the show action returns the correct model" time="0.043">
    <error message="No signature of method: balsa.StudyController.show() is applicable for argument types: (null) values: [null]&#xa;Possible solutions: show(), save(), raw(java.lang.Object), save(balsa.Study), wait(), edit()" type="groovy.lang.MissingMethodException">groovy.lang.MissingMethodException: No signature of method: balsa.StudyController.show() is applicable for argument types: (null) values: [null]
Possible solutions: show(), save(), raw(java.lang.Object), save(balsa.Study), wait(), edit()
	at org.codehaus.groovy.grails.plugins.web.api.ControllerTagLibraryApi.methodMissing(ControllerTagLibraryApi.java:97)
	at org.springsource.loaded.ri.ReflectiveInterceptor.jlrMethodInvoke(ReflectiveInterceptor.java:1270)
	at balsa.StudyControllerSpec.Test that the show action returns the correct model(StudyControllerSpec.groovy:63)
</error>
  </testcase>
  <testcase classname="balsa.StudyControllerSpec" name="Test that the edit action returns the correct model" time="0.038">
    <error message="No signature of method: balsa.StudyController.edit() is applicable for argument types: (null) values: [null]&#xa;Possible solutions: edit(), wait(), wait(long), delete(), wait(long, int), with(groovy.lang.Closure)" type="groovy.lang.MissingMethodException">groovy.lang.MissingMethodException: No signature of method: balsa.StudyController.edit() is applicable for argument types: (null) values: [null]
Possible solutions: edit(), wait(), wait(long), delete(), wait(long, int), with(groovy.lang.Closure)
	at org.codehaus.groovy.grails.plugins.web.api.ControllerTagLibraryApi.methodMissing(ControllerTagLibraryApi.java:97)
	at org.springsource.loaded.ri.ReflectiveInterceptor.jlrMethodInvoke(ReflectiveInterceptor.java:1270)
	at balsa.StudyControllerSpec.Test that the edit action returns the correct model(StudyControllerSpec.groovy:79)
</error>
  </testcase>
  <testcase classname="balsa.StudyControllerSpec" name="Test the update action performs an update on a valid domain instance" time="0.054">
    <failure message="Condition not satisfied:&#xa;&#xa;response.redirectedUrl == &apos;/study/index&apos;&#xa;|        |             |&#xa;|        null          false&#xa;org.codehaus.groovy.grails.plugins.testing.GrailsMockHttpServletResponse@dd5ea90&#xa;" type="junit.framework.AssertionFailedError">junit.framework.AssertionFailedError: Condition not satisfied:

response.redirectedUrl == &apos;/study/index&apos;
|        |             |
|        null          false
org.codehaus.groovy.grails.plugins.testing.GrailsMockHttpServletResponse@dd5ea90

	at balsa.StudyControllerSpec.Test the update action performs an update on a valid domain instance(StudyControllerSpec.groovy:100)
</failure>
  </testcase>
  <testcase classname="balsa.StudyControllerSpec" name="Test that the delete action deletes an instance if it exists" time="0.055">
    <failure message="Condition not satisfied:&#xa;&#xa;response.redirectedUrl == &apos;/study/index&apos;&#xa;|        |             |&#xa;|        null          false&#xa;org.codehaus.groovy.grails.plugins.testing.GrailsMockHttpServletResponse@78395e28&#xa;" type="junit.framework.AssertionFailedError">junit.framework.AssertionFailedError: Condition not satisfied:

response.redirectedUrl == &apos;/study/index&apos;
|        |             |
|        null          false
org.codehaus.groovy.grails.plugins.testing.GrailsMockHttpServletResponse@78395e28

	at balsa.StudyControllerSpec.Test that the delete action deletes an instance if it exists(StudyControllerSpec.groovy:132)
</failure>
  </testcase>
  <system-out><![CDATA[--Output from Test the index action returns the correct model--
--Output from Test the create action returns the correct model--
--Output from Test the save action correctly persists an instance--
--Output from Test that the show action returns the correct model--
--Output from Test that the edit action returns the correct model--
--Output from Test the update action performs an update on a valid domain instance--
--Output from Test that the delete action deletes an instance if it exists--
]]></system-out>
  <system-err><![CDATA[--Output from Test the index action returns the correct model--
--Output from Test the create action returns the correct model--
--Output from Test the save action correctly persists an instance--
--Output from Test that the show action returns the correct model--
--Output from Test that the edit action returns the correct model--
--Output from Test the update action performs an update on a valid domain instance--
--Output from Test that the delete action deletes an instance if it exists--
]]></system-err>
</testsuite>
